0 info it worked if it ends with ok
1 verbose cli [ 'node', '/usr/local/bin/npm', 'uninstall', '-g', 'mup' ]
2 info using npm@1.4.28
3 info using node@v0.10.33
4 verbose lib/node_modules/mup unbuild
5 info preuninstall mup@0.11.3
6 info uninstall mup@0.11.3
7 verbose true,/usr/local/lib/node_modules,/usr/local/lib/node_modules unbuild mup@0.11.3
8 verbose /usr/local/bin,[object Object] binRoot
9 info postuninstall mup@0.11.3
10 error Error: EACCES, unlink '/usr/local/lib/node_modules/mup'
10 error  { [Error: EACCES, unlink '/usr/local/lib/node_modules/mup']
10 error   errno: 3,
10 error   code: 'EACCES',
10 error   path: '/usr/local/lib/node_modules/mup' }
11 error Please try running this command again as root/Administrator.
12 error System Darwin 15.6.0
13 error command "node" "/usr/local/bin/npm" "uninstall" "-g" "mup"
14 error cwd /Users/Jay/Desktop/sanus
15 error node -v v0.10.33
16 error npm -v 1.4.28
17 error path /usr/local/lib/node_modules/mup
18 error code EACCES
19 error errno 3
20 error stack Error: EACCES, unlink '/usr/local/lib/node_modules/mup'
21 verbose exit [ 3, true ]
